<?xml version="1.0" encoding="UTF-8"?>
<!-- Generated by org.testng.reporters.JUnitXMLReporter -->
<testsuite hostname="LAPTOP-T6DJMNG3" name="Default test" tests="4" failures="0" timestamp="17 Jul 2019 08:03:22 GMT" time="31.65" errors="0">
  <testcase name="createDbAndForest" time="11.852" classname="TestCases.CreatingDbAndForest"/>
  <testcase name="verifyOutput" time="0.069" classname="TestCases.CreatingDbAndForest"/>
  <testcase name="InsertData" time="13.387" classname="TestCases.CreatingDbAndForest"/>
  <testcase name="validateAdminInterface" time="6.317" classname="TestCases.CreatingDbAndForest"/>
</testsuite> <!-- Default test -->
