<?xml version="1.0" encoding="UTF-8"?>
<!-- Generated by org.testng.reporters.JUnitXMLReporter -->
<testsuite hostname="LAPTOP-T6DJMNG3" name="Creating DB And Forest" tests="4" failures="0" timestamp="18 Jul 2019 11:46:43 GMT" time="36.69" errors="0">
  <testcase name="createDbAndForest" time="18.885" classname="TestCases.CreatingDbAndForest"/>
  <testcase name="verifyOutput" time="0.07" classname="TestCases.CreatingDbAndForest"/>
  <testcase name="InsertData" time="11.487" classname="TestCases.CreatingDbAndForest"/>
  <testcase name="validateAdminInterface" time="6.22" classname="TestCases.CreatingDbAndForest"/>
</testsuite> <!-- Creating DB And Forest -->
