<?xml version="1.0" encoding="UTF-8"?>
<testng-results skipped="0" failed="0" total="1" passed="1">
  <reporter-output>
  </reporter-output>
  <suite name="Surefire suite" duration-ms="19" started-at="2019-07-18T05:37:38Z" finished-at="2019-07-18T05:37:38Z">
    <groups>
    </groups>
    <test name="Surefire test" duration-ms="19" started-at="2019-07-18T05:37:38Z" finished-at="2019-07-18T05:37:38Z">
      <class name="maven.auto.config.MarkLogic.AppTest">
        <test-method status="PASS" signature="testApp()[pri:0, instance:testApp(maven.auto.config.MarkLogic.AppTest)]" name="testApp" duration-ms="5" started-at="2019-07-18T11:07:38Z" finished-at="2019-07-18T11:07:38Z">
          <reporter-output>
          </reporter-output>
        </test-method> <!-- testApp -->
      </class> <!-- maven.auto.config.MarkLogic.AppTest -->
    </test> <!-- Surefire test -->
  </suite> <!-- Surefire suite -->
</testng-results>
